Using pre-set license
Built from '2020.3/staging' branch; Version is '2020.3.24f1 (79c78de19888) revision 7980941'; Using compiler version '192528614'; Build Type 'Release'
OS: 'Windows 10  (10.0.19042) 64bit Professional' Language: 'es' Physical Memory: 32712 MB
BatchMode: 1, IsHumanControllingUs: 0, StartBugReporterOnCrash: 0, Is64bit: 1, IsPro: 0

COMMAND LINE ARGUMENTS:
C:\Users\Usuario\Desktop\Deures\4rt\2020.3.24f1\Editor\Unity.exe
-adb2
-batchMode
-noUpm
-name
AssetImportWorker0
-projectPath
C:/Users/Usuario/Documents/GitHub/TFG/TFG V0.2
-logFile
Logs/AssetImportWorker0.log
-srvPort
54062
Successfully changed project path to: C:/Users/Usuario/Documents/GitHub/TFG/TFG V0.2
C:/Users/Usuario/Documents/GitHub/TFG/TFG V0.2
Using Asset Import Pipeline V2.
Refreshing native plugins compatible for Editor in 41.55 ms, found 3 plugins.
Preloading 0 native plugins for Editor in 0.00 ms.
Initialize engine version: 2020.3.24f1 (79c78de19888)
[Subsystems] Discovering subsystems at path C:/Users/Usuario/Desktop/Deures/4rt/2020.3.24f1/Editor/Data/Resources/UnitySubsystems
[Subsystems] Discovering subsystems at path C:/Users/Usuario/Documents/GitHub/TFG/TFG V0.2/Assets
GfxDevice: creating device client; threaded=0
Direct3D:
    Version:  Direct3D 11.0 [level 11.1]
    Renderer: NVIDIA GeForce RTX 3070 (ID=0x2484)
    Vendor:   
    VRAM:     8043 MB
    Driver:   31.0.15.1694
Initialize mono
Mono path[0] = 'C:/Users/Usuario/Desktop/Deures/4rt/2020.3.24f1/Editor/Data/Managed'
Mono path[1] = 'C:/Users/Usuario/Desktop/Deures/4rt/2020.3.24f1/Editor/Data/MonoBleedingEdge/lib/mono/unityjit'
Mono config path = 'C:/Users/Usuario/Desktop/Deures/4rt/2020.3.24f1/Editor/Data/MonoBleedingEdge/etc'
Using monoOptions --debugger-agent=transport=dt_socket,embedding=1,server=y,suspend=n,address=127.0.0.1:56116
Begin MonoManager ReloadAssembly
Registering precompiled unity dll's ...
Register platform support module: C:/Users/Usuario/Desktop/Deures/4rt/2020.3.24f1/Editor/Data/PlaybackEngines/WindowsStandaloneSupport/UnityEditor.WindowsStandalone.Extensions.dll
Registered in 0.001692 seconds.
Native extension for WindowsStandalone target not found
Refreshing native plugins compatible for Editor in 41.28 ms, found 3 plugins.
Preloading 0 native plugins for Editor in 0.00 ms.
Mono: successfully reloaded assembly
- Completed reload, in  0.478 seconds
Domain Reload Profiling:
	ReloadAssembly (478ms)
		BeginReloadAssembly (45ms)
			ExecutionOrderSort (0ms)
			DisableScriptedObjects (0ms)
			BackupInstance (0ms)
			ReleaseScriptingObjects (0ms)
			CreateAndSetChildDomain (1ms)
		EndReloadAssembly (373ms)
			LoadAssemblies (43ms)
			RebuildTransferFunctionScriptingTraits (0ms)
			SetupTypeCache (116ms)
			ReleaseScriptCaches (0ms)
			RebuildScriptCaches (25ms)
			SetupLoadedEditorAssemblies (141ms)
				LogAssemblyErrors (0ms)
				InitializePlatformSupportModulesInManaged (4ms)
				SetLoadedEditorAssemblies (0ms)
				RefreshPlugins (41ms)
				BeforeProcessingInitializeOnLoad (12ms)
				ProcessInitializeOnLoadAttributes (62ms)
				ProcessInitializeOnLoadMethodAttributes (21ms)
				AfterProcessingInitializeOnLoad (0ms)
				EditorAssembliesLoaded (0ms)
			ExecutionOrderSort2 (0ms)
			AwakeInstancesAfterBackupRestoration (0ms)
Platform modules already initialized, skipping
Registering precompiled user dll's ...
Registered in 0.004107 seconds.
Begin MonoManager ReloadAssembly
Native extension for WindowsStandalone target not found
Refreshing native plugins compatible for Editor in 41.17 ms, found 3 plugins.
Preloading 0 native plugins for Editor in 0.00 ms.
Mono: successfully reloaded assembly
- Completed reload, in  0.908 seconds
Domain Reload Profiling:
	ReloadAssembly (909ms)
		BeginReloadAssembly (120ms)
			ExecutionOrderSort (0ms)
			DisableScriptedObjects (4ms)
			BackupInstance (0ms)
			ReleaseScriptingObjects (0ms)
			CreateAndSetChildDomain (17ms)
		EndReloadAssembly (737ms)
			LoadAssemblies (75ms)
			RebuildTransferFunctionScriptingTraits (0ms)
			SetupTypeCache (242ms)
			ReleaseScriptCaches (1ms)
			RebuildScriptCaches (41ms)
			SetupLoadedEditorAssemblies (282ms)
				LogAssemblyErrors (0ms)
				InitializePlatformSupportModulesInManaged (3ms)
				SetLoadedEditorAssemblies (0ms)
				RefreshPlugins (41ms)
				BeforeProcessingInitializeOnLoad (67ms)
				ProcessInitializeOnLoadAttributes (153ms)
				ProcessInitializeOnLoadMethodAttributes (13ms)
				AfterProcessingInitializeOnLoad (5ms)
				EditorAssembliesLoaded (0ms)
			ExecutionOrderSort2 (0ms)
			AwakeInstancesAfterBackupRestoration (5ms)
Platform modules already initialized, skipping
========================================================================
Worker process is ready to serve import requests
Launched and connected shader compiler UnityShaderCompiler.exe after 0.03 seconds
Refreshing native plugins compatible for Editor in 0.59 ms, found 3 plugins.
Preloading 0 native plugins for Editor in 0.00 ms.
Unloading 2323 Unused Serialized files (Serialized files now loaded: 0)
System memory in use before: 102.0 MB.
System memory in use after: 102.2 MB.

Unloading 28 unused Assets to reduce memory usage. Loaded Objects now: 2758.
Total: 3.503500 ms (FindLiveObjects: 0.251400 ms CreateObjectMapping: 0.057400 ms MarkObjects: 3.110600 ms  DeleteObjects: 0.083000 ms)

AssetImportParameters requested are different than current active one (requested -> active):
  custom:framework-win-MediaFoundation: 216162199b28c13a410421893ffa2e32 -> 
  custom:video-decoder-ogg-theora: a1e56fd34408186e4bbccfd4996cb3dc -> 
  custom:container-muxer-webm: aa71ff27fc2769a1b78a27578f13a17b -> 
  custom:container-demuxer-webm: 4f35f7cbe854078d1ac9338744f61a02 -> 
  custom:container-demuxer-ogg: 62fdf1f143b41e24485cea50d1cbac27 -> 
  custom:video-encoder-webm-vp8: eb34c28f22e8b96e1ab97ce403110664 -> 
  custom:video-decoder-webm-vp8: 9c59270c3fd7afecdb556c50c9e8de78 -> 
  custom:audio-decoder-ogg-vorbis: bf7c407c2cedff20999df2af8eb42d56 -> 
  custom:audio-encoder-webm-vorbis: bf7c407c2cedff20999df2af8eb42d56 -> 
========================================================================
Received Import Request.
  path: Assets/Scenes/Character.unity
  artifactKey: Guid(9b45ad71b07776e428bc32a02664a917) Importer(815301076,1909f56bfc062723c751e8b465ee728b)
Start importing Assets/Scenes/Character.unity using Guid(9b45ad71b07776e428bc32a02664a917) Importer(815301076,1909f56bfc062723c751e8b465ee728b)  -> (artifact id: 'dad6f8855dfbb71180e25332cd2ff1a9') in 0.012445 seconds 
  Import took 0.015842 seconds .

========================================================================
Received Import Request.
  Time since last request: 74.369816 seconds.
  path: Assets/Scenes/Creation.unity
  artifactKey: Guid(91811de191894f04883ef77950251a7e) Importer(815301076,1909f56bfc062723c751e8b465ee728b)
Start importing Assets/Scenes/Creation.unity using Guid(91811de191894f04883ef77950251a7e) Importer(815301076,1909f56bfc062723c751e8b465ee728b)  -> (artifact id: '0f8fe8a70b9d6835c74d0446dab8d5bf') in 0.001961 seconds 
  Import took 0.005071 seconds .

========================================================================
Received Import Request.
  Time since last request: 376.852316 seconds.
  path: Assets/Scenes/Creation.unity
  artifactKey: Guid(91811de191894f04883ef77950251a7e) Importer(815301076,1909f56bfc062723c751e8b465ee728b)
Start importing Assets/Scenes/Creation.unity using Guid(91811de191894f04883ef77950251a7e) Importer(815301076,1909f56bfc062723c751e8b465ee728b)  -> (artifact id: '8fd8a7bc00c8cefd8f230762fbc325c8') in 0.002069 seconds 
  Import took 0.005759 seconds .

========================================================================
Received Import Request.
  Time since last request: 712.633519 seconds.
  path: Assets/Scenes/Creation.unity
  artifactKey: Guid(91811de191894f04883ef77950251a7e) Importer(815301076,1909f56bfc062723c751e8b465ee728b)
Start importing Assets/Scenes/Creation.unity using Guid(91811de191894f04883ef77950251a7e) Importer(815301076,1909f56bfc062723c751e8b465ee728b)  -> (artifact id: '575de03710cd95a18982935ea84d67f9') in 0.001961 seconds 
  Import took 0.005401 seconds .

========================================================================
Received Import Request.
  Time since last request: 649.566330 seconds.
  path: Assets/Scenes/Creation.unity
  artifactKey: Guid(91811de191894f04883ef77950251a7e) Importer(815301076,1909f56bfc062723c751e8b465ee728b)
Start importing Assets/Scenes/Creation.unity using Guid(91811de191894f04883ef77950251a7e) Importer(815301076,1909f56bfc062723c751e8b465ee728b)  -> (artifact id: '0718040c74fd3c3641ff516840a3af34') in 0.001962 seconds 
  Import took 0.005197 seconds .

========================================================================
Received Prepare
Registering precompiled user dll's ...
Registered in 0.003558 seconds.
Begin MonoManager ReloadAssembly
Native extension for WindowsStandalone target not found
Refreshing native plugins compatible for Editor in 0.69 ms, found 3 plugins.
Preloading 0 native plugins for Editor in 0.00 ms.
Mono: successfully reloaded assembly
- Completed reload, in  0.816 seconds
Domain Reload Profiling:
	ReloadAssembly (817ms)
		BeginReloadAssembly (105ms)
			ExecutionOrderSort (0ms)
			DisableScriptedObjects (5ms)
			BackupInstance (0ms)
			ReleaseScriptingObjects (0ms)
			CreateAndSetChildDomain (32ms)
		EndReloadAssembly (661ms)
			LoadAssemblies (72ms)
			RebuildTransferFunctionScriptingTraits (0ms)
			SetupTypeCache (232ms)
			ReleaseScriptCaches (1ms)
			RebuildScriptCaches (35ms)
			SetupLoadedEditorAssemblies (237ms)
				LogAssemblyErrors (0ms)
				InitializePlatformSupportModulesInManaged (3ms)
				SetLoadedEditorAssemblies (0ms)
				RefreshPlugins (1ms)
				BeforeProcessingInitializeOnLoad (67ms)
				ProcessInitializeOnLoadAttributes (153ms)
				ProcessInitializeOnLoadMethodAttributes (9ms)
				AfterProcessingInitializeOnLoad (5ms)
				EditorAssembliesLoaded (0ms)
			ExecutionOrderSort2 (0ms)
			AwakeInstancesAfterBackupRestoration (7ms)
Platform modules already initialized, skipping
Switching build target platform(19) subTarget(0) extendedPlatform(0) -> platform(13) subTarget(537395200) extendedPlatform(0)
Refreshing native plugins compatible for Editor in 0.65 ms, found 3 plugins.
Preloading 0 native plugins for Editor in 0.00 ms.
Unloading 2302 Unused Serialized files (Serialized files now loaded: 0)
System memory in use before: 100.0 MB.
System memory in use after: 100.2 MB.

Unloading 17 unused Assets to reduce memory usage. Loaded Objects now: 2760.
Total: 3.530800 ms (FindLiveObjects: 0.306500 ms CreateObjectMapping: 0.064900 ms MarkObjects: 3.135300 ms  DeleteObjects: 0.022500 ms)

AssetImportParameters requested are different than current active one (requested -> active):
  custom:framework-win-MediaFoundation: 216162199b28c13a410421893ffa2e32 -> 
  custom:video-decoder-ogg-theora: a1e56fd34408186e4bbccfd4996cb3dc -> 
  custom:container-muxer-webm: aa71ff27fc2769a1b78a27578f13a17b -> 
  custom:container-demuxer-webm: 4f35f7cbe854078d1ac9338744f61a02 -> 
  custom:container-demuxer-ogg: 62fdf1f143b41e24485cea50d1cbac27 -> 
  custom:video-encoder-webm-vp8: eb34c28f22e8b96e1ab97ce403110664 -> 
  custom:video-decoder-webm-vp8: 9c59270c3fd7afecdb556c50c9e8de78 -> 
  custom:graphics/normal-map-encoding: 01000000000000000000000000000000 -> 02000000000000000000000000000000
  custom:audio-decoder-ogg-vorbis: bf7c407c2cedff20999df2af8eb42d56 -> 
  custom:audio-encoder-webm-vorbis: bf7c407c2cedff20999df2af8eb42d56 -> 
========================================================================
Received Import Request.
  Time since last request: 8288.056953 seconds.
  path: Assets/Scenes/Assets/texturas/Acrilicos/abstract-orange-paint-background-acrylic-texture-with-marble-pattern.jpg
  artifactKey: Guid(a1435fd4f48dc714dad20b64f245e5fc) Importer(815301076,1909f56bfc062723c751e8b465ee728b)
Start importing Assets/Scenes/Assets/texturas/Acrilicos/abstract-orange-paint-background-acrylic-texture-with-marble-pattern.jpg using Guid(a1435fd4f48dc714dad20b64f245e5fc) Importer(815301076,1909f56bfc062723c751e8b465ee728b)  -> (artifact id: '04b9005337c9f3af0fca8944d4ff2c43') in 0.111192 seconds 
  Import took 0.115374 seconds .

========================================================================
Received Import Request.
  Time since last request: 76.309708 seconds.
  path: Assets/Scenes/Assets/texturas/Acrilicos/abstract-orange-paint-background-acrylic-texture-with-marble-pattern.jpg
  artifactKey: Guid(a1435fd4f48dc714dad20b64f245e5fc) Importer(815301076,1909f56bfc062723c751e8b465ee728b)
Start importing Assets/Scenes/Assets/texturas/Acrilicos/abstract-orange-paint-background-acrylic-texture-with-marble-pattern.jpg using Guid(a1435fd4f48dc714dad20b64f245e5fc) Importer(815301076,1909f56bfc062723c751e8b465ee728b)  -> (artifact id: '05b6fce4e5840dbf8774bcc2fde1249c') in 0.058271 seconds 
  Import took 0.062071 seconds .

========================================================================
Received Import Request.
  Time since last request: 4908.446363 seconds.
  path: Assets/Scenes/Assets/texturas/Acrilicos/istockphoto-1140993428-612x612.jpg
  artifactKey: Guid(0951147b5e709b84c9e57af3ccf43f9a) Importer(815301076,1909f56bfc062723c751e8b465ee728b)
Start importing Assets/Scenes/Assets/texturas/Acrilicos/istockphoto-1140993428-612x612.jpg using Guid(0951147b5e709b84c9e57af3ccf43f9a) Importer(815301076,1909f56bfc062723c751e8b465ee728b)  -> (artifact id: 'd5ec19c1a44b566a05af3e70cac9ba03') in 0.013356 seconds 
  Import took 0.017204 seconds .

========================================================================
Received Import Request.
  Time since last request: 5.558132 seconds.
  path: Assets/Scenes/Assets/texturas/Acrilicos/istockphoto-1140993428-612x612.jpg
  artifactKey: Guid(0951147b5e709b84c9e57af3ccf43f9a) Importer(815301076,1909f56bfc062723c751e8b465ee728b)
Start importing Assets/Scenes/Assets/texturas/Acrilicos/istockphoto-1140993428-612x612.jpg using Guid(0951147b5e709b84c9e57af3ccf43f9a) Importer(815301076,1909f56bfc062723c751e8b465ee728b)  -> (artifact id: '5befabc1cc47ac5864edb035a6eabd1f') in 0.019736 seconds 
  Import took 0.023447 seconds .

========================================================================
Received Import Request.
  Time since last request: 1120.965466 seconds.
  path: Assets/Scenes/Creation.unity
  artifactKey: Guid(91811de191894f04883ef77950251a7e) Importer(815301076,1909f56bfc062723c751e8b465ee728b)
Start importing Assets/Scenes/Creation.unity using Guid(91811de191894f04883ef77950251a7e) Importer(815301076,1909f56bfc062723c751e8b465ee728b)  -> (artifact id: '32d46541f37b988d80f59171ce37fc1c') in 0.002434 seconds 
  Import took 0.006257 seconds .

========================================================================
Received Import Request.
  Time since last request: 6724.230863 seconds.
  path: Assets/Scenes/Creation.unity
  artifactKey: Guid(91811de191894f04883ef77950251a7e) Importer(815301076,1909f56bfc062723c751e8b465ee728b)
Start importing Assets/Scenes/Creation.unity using Guid(91811de191894f04883ef77950251a7e) Importer(815301076,1909f56bfc062723c751e8b465ee728b)  -> (artifact id: 'eac96249da1da472626ae201c18d5dd1') in 0.002058 seconds 
  Import took 0.005531 seconds .

AssetImportWorkerClient::OnTransportError - code=2 error=End of file
