Using pre-set license
Built from '2020.3/staging' branch; Version is '2020.3.24f1 (79c78de19888) revision 7980941'; Using compiler version '192528614'; Build Type 'Release'
OS: 'Windows 10  (10.0.19042) 64bit Professional' Language: 'es' Physical Memory: 32712 MB
BatchMode: 1, IsHumanControllingUs: 0, StartBugReporterOnCrash: 0, Is64bit: 1, IsPro: 0

COMMAND LINE ARGUMENTS:
C:\Users\Usuario\Desktop\Deures\4rt\2020.3.24f1\Editor\Unity.exe
-adb2
-batchMode
-noUpm
-name
AssetImportWorker0
-projectPath
C:/Users/Usuario/Documents/GitHub/TFG/TFG V0.2
-logFile
Logs/AssetImportWorker0.log
-srvPort
50926
Successfully changed project path to: C:/Users/Usuario/Documents/GitHub/TFG/TFG V0.2
C:/Users/Usuario/Documents/GitHub/TFG/TFG V0.2
Using Asset Import Pipeline V2.
Refreshing native plugins compatible for Editor in 41.30 ms, found 3 plugins.
Preloading 0 native plugins for Editor in 0.00 ms.
Initialize engine version: 2020.3.24f1 (79c78de19888)
[Subsystems] Discovering subsystems at path C:/Users/Usuario/Desktop/Deures/4rt/2020.3.24f1/Editor/Data/Resources/UnitySubsystems
[Subsystems] Discovering subsystems at path C:/Users/Usuario/Documents/GitHub/TFG/TFG V0.2/Assets
GfxDevice: creating device client; threaded=0
Direct3D:
    Version:  Direct3D 11.0 [level 11.1]
    Renderer: NVIDIA GeForce RTX 3070 (ID=0x2484)
    Vendor:   
    VRAM:     8043 MB
    Driver:   31.0.15.1694
Initialize mono
Mono path[0] = 'C:/Users/Usuario/Desktop/Deures/4rt/2020.3.24f1/Editor/Data/Managed'
Mono path[1] = 'C:/Users/Usuario/Desktop/Deures/4rt/2020.3.24f1/Editor/Data/MonoBleedingEdge/lib/mono/unityjit'
Mono config path = 'C:/Users/Usuario/Desktop/Deures/4rt/2020.3.24f1/Editor/Data/MonoBleedingEdge/etc'
Using monoOptions --debugger-agent=transport=dt_socket,embedding=1,server=y,suspend=n,address=127.0.0.1:56748
Begin MonoManager ReloadAssembly
Registering precompiled unity dll's ...
Register platform support module: C:/Users/Usuario/Desktop/Deures/4rt/2020.3.24f1/Editor/Data/PlaybackEngines/WindowsStandaloneSupport/UnityEditor.WindowsStandalone.Extensions.dll
Registered in 0.001703 seconds.
Native extension for WindowsStandalone target not found
Refreshing native plugins compatible for Editor in 41.29 ms, found 3 plugins.
Preloading 0 native plugins for Editor in 0.00 ms.
Mono: successfully reloaded assembly
- Completed reload, in  0.467 seconds
Domain Reload Profiling:
	ReloadAssembly (467ms)
		BeginReloadAssembly (44ms)
			ExecutionOrderSort (0ms)
			DisableScriptedObjects (0ms)
			BackupInstance (0ms)
			ReleaseScriptingObjects (0ms)
			CreateAndSetChildDomain (1ms)
		EndReloadAssembly (364ms)
			LoadAssemblies (42ms)
			RebuildTransferFunctionScriptingTraits (0ms)
			SetupTypeCache (114ms)
			ReleaseScriptCaches (0ms)
			RebuildScriptCaches (24ms)
			SetupLoadedEditorAssemblies (139ms)
				LogAssemblyErrors (0ms)
				InitializePlatformSupportModulesInManaged (4ms)
				SetLoadedEditorAssemblies (0ms)
				RefreshPlugins (41ms)
				BeforeProcessingInitializeOnLoad (13ms)
				ProcessInitializeOnLoadAttributes (60ms)
				ProcessInitializeOnLoadMethodAttributes (21ms)
				AfterProcessingInitializeOnLoad (0ms)
				EditorAssembliesLoaded (0ms)
			ExecutionOrderSort2 (0ms)
			AwakeInstancesAfterBackupRestoration (0ms)
Platform modules already initialized, skipping
Registering precompiled user dll's ...
Registered in 0.004074 seconds.
Begin MonoManager ReloadAssembly
Native extension for WindowsStandalone target not found
Refreshing native plugins compatible for Editor in 41.07 ms, found 3 plugins.
Preloading 0 native plugins for Editor in 0.00 ms.
Mono: successfully reloaded assembly
- Completed reload, in  0.893 seconds
Domain Reload Profiling:
	ReloadAssembly (893ms)
		BeginReloadAssembly (119ms)
			ExecutionOrderSort (0ms)
			DisableScriptedObjects (4ms)
			BackupInstance (0ms)
			ReleaseScriptingObjects (0ms)
			CreateAndSetChildDomain (19ms)
		EndReloadAssembly (723ms)
			LoadAssemblies (74ms)
			RebuildTransferFunctionScriptingTraits (0ms)
			SetupTypeCache (237ms)
			ReleaseScriptCaches (1ms)
			RebuildScriptCaches (40ms)
			SetupLoadedEditorAssemblies (277ms)
				LogAssemblyErrors (0ms)
				InitializePlatformSupportModulesInManaged (3ms)
				SetLoadedEditorAssemblies (0ms)
				RefreshPlugins (41ms)
				BeforeProcessingInitializeOnLoad (66ms)
				ProcessInitializeOnLoadAttributes (149ms)
				ProcessInitializeOnLoadMethodAttributes (13ms)
				AfterProcessingInitializeOnLoad (5ms)
				EditorAssembliesLoaded (0ms)
			ExecutionOrderSort2 (0ms)
			AwakeInstancesAfterBackupRestoration (5ms)
Platform modules already initialized, skipping
========================================================================
Worker process is ready to serve import requests
Launched and connected shader compiler UnityShaderCompiler.exe after 0.03 seconds
Refreshing native plugins compatible for Editor in 0.60 ms, found 3 plugins.
Preloading 0 native plugins for Editor in 0.00 ms.
Unloading 2323 Unused Serialized files (Serialized files now loaded: 0)
System memory in use before: 102.0 MB.
System memory in use after: 102.2 MB.

Unloading 28 unused Assets to reduce memory usage. Loaded Objects now: 2758.
Total: 3.568600 ms (FindLiveObjects: 0.278400 ms CreateObjectMapping: 0.069000 ms MarkObjects: 3.139000 ms  DeleteObjects: 0.081100 ms)

AssetImportParameters requested are different than current active one (requested -> active):
  custom:framework-win-MediaFoundation: 216162199b28c13a410421893ffa2e32 -> 
  custom:video-decoder-ogg-theora: a1e56fd34408186e4bbccfd4996cb3dc -> 
  custom:container-muxer-webm: aa71ff27fc2769a1b78a27578f13a17b -> 
  custom:container-demuxer-webm: 4f35f7cbe854078d1ac9338744f61a02 -> 
  custom:container-demuxer-ogg: 62fdf1f143b41e24485cea50d1cbac27 -> 
  custom:video-encoder-webm-vp8: eb34c28f22e8b96e1ab97ce403110664 -> 
  custom:video-decoder-webm-vp8: 9c59270c3fd7afecdb556c50c9e8de78 -> 
  custom:audio-decoder-ogg-vorbis: bf7c407c2cedff20999df2af8eb42d56 -> 
  custom:audio-encoder-webm-vorbis: bf7c407c2cedff20999df2af8eb42d56 -> 
========================================================================
Received Import Request.
  path: Assets/Scenes/Assets/texturas/Textura3.png
  artifactKey: Guid(b0dd8e0afebc08846991473875ae05f7) Importer(815301076,1909f56bfc062723c751e8b465ee728b)
Start importing Assets/Scenes/Assets/texturas/Textura3.png using Guid(b0dd8e0afebc08846991473875ae05f7) Importer(815301076,1909f56bfc062723c751e8b465ee728b)  -> (artifact id: 'e30437d849f6dae789a69ef007a4a654') in 0.143221 seconds 
  Import took 0.147096 seconds .

========================================================================
Received Import Request.
  Time since last request: 15.899908 seconds.
  path: Assets/Scenes/Assets/texturas/Textura3.png
  artifactKey: Guid(b0dd8e0afebc08846991473875ae05f7) Importer(815301076,1909f56bfc062723c751e8b465ee728b)
Start importing Assets/Scenes/Assets/texturas/Textura3.png using Guid(b0dd8e0afebc08846991473875ae05f7) Importer(815301076,1909f56bfc062723c751e8b465ee728b)  -> (artifact id: 'd4f918b1da9f0bd4423812d43ab70c0d') in 0.080706 seconds 
  Import took 0.084373 seconds .

========================================================================
Received Import Request.
  Time since last request: 388.022611 seconds.
  path: Assets/Scenes/Assets/texturas/Acrilicos
  artifactKey: Guid(ac20267f1a18fb042a6e92713945ab6b) Importer(815301076,1909f56bfc062723c751e8b465ee728b)
Start importing Assets/Scenes/Assets/texturas/Acrilicos using Guid(ac20267f1a18fb042a6e92713945ab6b) Importer(815301076,1909f56bfc062723c751e8b465ee728b)  -> (artifact id: '97dbbaae19023afe7a666b195c0392a7') in 0.001752 seconds 
  Import took 0.005863 seconds .

========================================================================
Received Import Request.
  Time since last request: 228.589237 seconds.
  path: Assets/Scenes/Assets/texturas/design-space-paper-textured-background.jpg
  artifactKey: Guid(0b5b001e51893c34a9a1458dbf9eeed6) Importer(815301076,1909f56bfc062723c751e8b465ee728b)
Start importing Assets/Scenes/Assets/texturas/design-space-paper-textured-background.jpg using Guid(0b5b001e51893c34a9a1458dbf9eeed6) Importer(815301076,1909f56bfc062723c751e8b465ee728b)  -> (artifact id: '6be3302167493e9d6f35ab82b5768635') in 0.057724 seconds 
  Import took 0.061738 seconds .

========================================================================
Received Import Request.
  Time since last request: 20.388998 seconds.
  path: Assets/Scenes/Assets/texturas/design-space-paper-textured-background.jpg
  artifactKey: Guid(0b5b001e51893c34a9a1458dbf9eeed6) Importer(815301076,1909f56bfc062723c751e8b465ee728b)
Start importing Assets/Scenes/Assets/texturas/design-space-paper-textured-background.jpg using Guid(0b5b001e51893c34a9a1458dbf9eeed6) Importer(815301076,1909f56bfc062723c751e8b465ee728b)  -> (artifact id: '8745d368e451b0489b6ae1dbb4c689dc') in 0.051903 seconds 
  Import took 0.056437 seconds .

========================================================================
Received Import Request.
  Time since last request: 3.754901 seconds.
  path: Assets/Scenes/Assets/texturas/Acrilicos/Acrylic-Texture-6.jpg
  artifactKey: Guid(4f8d122f7faff5a4288311b78b519324) Importer(815301076,1909f56bfc062723c751e8b465ee728b)
Start importing Assets/Scenes/Assets/texturas/Acrilicos/Acrylic-Texture-6.jpg using Guid(4f8d122f7faff5a4288311b78b519324) Importer(815301076,1909f56bfc062723c751e8b465ee728b)  -> (artifact id: '378fc484840c5e6b88075db7eda61396') in 0.026435 seconds 
  Import took 0.029985 seconds .

========================================================================
Received Import Request.
  Time since last request: 0.000226 seconds.
  path: Assets/Scenes/Assets/texturas/Acrilicos/Modern-Abstract-Acrylic-Textures-1.jpg
  artifactKey: Guid(053d7e58f0ea3f14caff34a224affc1a) Importer(815301076,1909f56bfc062723c751e8b465ee728b)
Start importing Assets/Scenes/Assets/texturas/Acrilicos/Modern-Abstract-Acrylic-Textures-1.jpg using Guid(053d7e58f0ea3f14caff34a224affc1a) Importer(815301076,1909f56bfc062723c751e8b465ee728b)  -> (artifact id: '0c4eb6a4142352eceffe113713c94ec1') in 0.030178 seconds 
  Import took 0.033570 seconds .

========================================================================
Received Import Request.
  Time since last request: 0.000247 seconds.
  path: Assets/Scenes/Assets/texturas/Acrilicos/Modern-Abstract-Acrylic-Textures-3.jpg
  artifactKey: Guid(2443f1e00b0dd7645b152de4d95ab1f0) Importer(815301076,1909f56bfc062723c751e8b465ee728b)
Start importing Assets/Scenes/Assets/texturas/Acrilicos/Modern-Abstract-Acrylic-Textures-3.jpg using Guid(2443f1e00b0dd7645b152de4d95ab1f0) Importer(815301076,1909f56bfc062723c751e8b465ee728b)  -> (artifact id: '28bafa5b714420f9126f748b753d860b') in 0.027944 seconds 
  Import took 0.031419 seconds .

========================================================================
Received Import Request.
  Time since last request: 0.000244 seconds.
  path: Assets/Scenes/Assets/texturas/Acrilicos/Modern-Abstract-Acrylic-Textures-14.jpg
  artifactKey: Guid(670be98ef69365b47a8663aa75e61aad) Importer(815301076,1909f56bfc062723c751e8b465ee728b)
Start importing Assets/Scenes/Assets/texturas/Acrilicos/Modern-Abstract-Acrylic-Textures-14.jpg using Guid(670be98ef69365b47a8663aa75e61aad) Importer(815301076,1909f56bfc062723c751e8b465ee728b)  -> (artifact id: '127242ebceabe91029ee982f2b7f70fa') in 0.034127 seconds 
  Import took 0.037213 seconds .

========================================================================
Received Import Request.
  Time since last request: 0.000247 seconds.
  path: Assets/Scenes/Assets/texturas/Acrilicos/Acrylic-Texture-10.jpg
  artifactKey: Guid(38653b9f9e022d0479dc637d09c9f319) Importer(815301076,1909f56bfc062723c751e8b465ee728b)
Start importing Assets/Scenes/Assets/texturas/Acrilicos/Acrylic-Texture-10.jpg using Guid(38653b9f9e022d0479dc637d09c9f319) Importer(815301076,1909f56bfc062723c751e8b465ee728b)  -> (artifact id: '26148380c205a7267705c603d032f2b5') in 0.026680 seconds 
  Import took 0.029746 seconds .

========================================================================
Received Import Request.
  Time since last request: 0.000320 seconds.
  path: Assets/Scenes/Assets/texturas/Acrilicos/Modern-Abstract-Acrylic-Textures-13.jpg
  artifactKey: Guid(caedc6b988fd32146869c4330ea10462) Importer(815301076,1909f56bfc062723c751e8b465ee728b)
Start importing Assets/Scenes/Assets/texturas/Acrilicos/Modern-Abstract-Acrylic-Textures-13.jpg using Guid(caedc6b988fd32146869c4330ea10462) Importer(815301076,1909f56bfc062723c751e8b465ee728b)  -> (artifact id: 'ee5f0705b9465e1f655e3a1fa993d04f') in 0.030131 seconds 
  Import took 0.033617 seconds .

========================================================================
Received Import Request.
  Time since last request: 0.000221 seconds.
  path: Assets/Scenes/Assets/texturas/Acrilicos/Modern-Abstract-Acrylic-Textures-10.jpg
  artifactKey: Guid(91560bfe23fea9f45b009ac46e638a6e) Importer(815301076,1909f56bfc062723c751e8b465ee728b)
Start importing Assets/Scenes/Assets/texturas/Acrilicos/Modern-Abstract-Acrylic-Textures-10.jpg using Guid(91560bfe23fea9f45b009ac46e638a6e) Importer(815301076,1909f56bfc062723c751e8b465ee728b)  -> (artifact id: '8a456f483ecbe357f37356682c48d065') in 0.030349 seconds 
  Import took 0.034564 seconds .

========================================================================
Received Import Request.
  Time since last request: 30.989276 seconds.
  path: Assets/Scenes/Assets/texturas/Acrilicos/Acrylic-Texture-6.jpg
  artifactKey: Guid(4f8d122f7faff5a4288311b78b519324) Importer(815301076,1909f56bfc062723c751e8b465ee728b)
Start importing Assets/Scenes/Assets/texturas/Acrilicos/Acrylic-Texture-6.jpg using Guid(4f8d122f7faff5a4288311b78b519324) Importer(815301076,1909f56bfc062723c751e8b465ee728b)  -> (artifact id: '88574bdbfb564b46af4b16111f69df7c') in 0.058701 seconds 
  Import took 0.062282 seconds .

========================================================================
Received Import Request.
  Time since last request: 0.000236 seconds.
  path: Assets/Scenes/Assets/texturas/Acrilicos/Modern-Abstract-Acrylic-Textures-1.jpg
  artifactKey: Guid(053d7e58f0ea3f14caff34a224affc1a) Importer(815301076,1909f56bfc062723c751e8b465ee728b)
Start importing Assets/Scenes/Assets/texturas/Acrilicos/Modern-Abstract-Acrylic-Textures-1.jpg using Guid(053d7e58f0ea3f14caff34a224affc1a) Importer(815301076,1909f56bfc062723c751e8b465ee728b)  -> (artifact id: '14ccef0701ce02d1d755c6f6ad6ff2eb') in 0.034111 seconds 
  Import took 0.037513 seconds .

========================================================================
Received Import Request.
  Time since last request: 0.000237 seconds.
  path: Assets/Scenes/Assets/texturas/Acrilicos/Modern-Abstract-Acrylic-Textures-3.jpg
  artifactKey: Guid(2443f1e00b0dd7645b152de4d95ab1f0) Importer(815301076,1909f56bfc062723c751e8b465ee728b)
Start importing Assets/Scenes/Assets/texturas/Acrilicos/Modern-Abstract-Acrylic-Textures-3.jpg using Guid(2443f1e00b0dd7645b152de4d95ab1f0) Importer(815301076,1909f56bfc062723c751e8b465ee728b)  -> (artifact id: '8a39ae72368a66f1fdb672cc90da94db') in 0.033841 seconds 
  Import took 0.037282 seconds .

========================================================================
Received Import Request.
  Time since last request: 0.000236 seconds.
  path: Assets/Scenes/Assets/texturas/Acrilicos/Modern-Abstract-Acrylic-Textures-14.jpg
  artifactKey: Guid(670be98ef69365b47a8663aa75e61aad) Importer(815301076,1909f56bfc062723c751e8b465ee728b)
Start importing Assets/Scenes/Assets/texturas/Acrilicos/Modern-Abstract-Acrylic-Textures-14.jpg using Guid(670be98ef69365b47a8663aa75e61aad) Importer(815301076,1909f56bfc062723c751e8b465ee728b)  -> (artifact id: '5fe3b90ea70e52c474c51a9113e7bbea') in 0.032335 seconds 
  Import took 0.035868 seconds .

========================================================================
Received Import Request.
  Time since last request: 0.000247 seconds.
  path: Assets/Scenes/Assets/texturas/Acrilicos/Acrylic-Texture-10.jpg
  artifactKey: Guid(38653b9f9e022d0479dc637d09c9f319) Importer(815301076,1909f56bfc062723c751e8b465ee728b)
Start importing Assets/Scenes/Assets/texturas/Acrilicos/Acrylic-Texture-10.jpg using Guid(38653b9f9e022d0479dc637d09c9f319) Importer(815301076,1909f56bfc062723c751e8b465ee728b)  -> (artifact id: '5a1cf8cbdd675b26c2d8c3925ae5b603') in 0.013354 seconds 
  Import took 0.016375 seconds .

========================================================================
Received Import Request.
  Time since last request: 0.000176 seconds.
  path: Assets/Scenes/Assets/texturas/Acrilicos/Modern-Abstract-Acrylic-Textures-13.jpg
  artifactKey: Guid(caedc6b988fd32146869c4330ea10462) Importer(815301076,1909f56bfc062723c751e8b465ee728b)
Start importing Assets/Scenes/Assets/texturas/Acrilicos/Modern-Abstract-Acrylic-Textures-13.jpg using Guid(caedc6b988fd32146869c4330ea10462) Importer(815301076,1909f56bfc062723c751e8b465ee728b)  -> (artifact id: 'de754cd92ff313168b6251648f40fb16') in 0.014784 seconds 
  Import took 0.017740 seconds .

========================================================================
Received Import Request.
  Time since last request: 0.000229 seconds.
  path: Assets/Scenes/Assets/texturas/Acrilicos/Modern-Abstract-Acrylic-Textures-10.jpg
  artifactKey: Guid(91560bfe23fea9f45b009ac46e638a6e) Importer(815301076,1909f56bfc062723c751e8b465ee728b)
Start importing Assets/Scenes/Assets/texturas/Acrilicos/Modern-Abstract-Acrylic-Textures-10.jpg using Guid(91560bfe23fea9f45b009ac46e638a6e) Importer(815301076,1909f56bfc062723c751e8b465ee728b)  -> (artifact id: '81be8a8d922c36ca28b69fa938c0077a') in 0.013941 seconds 
  Import took 0.017230 seconds .

========================================================================
Received Import Request.
  Time since last request: 2706.742405 seconds.
  path: Assets/Scenes/Main Screen.unity
  artifactKey: Guid(2cda990e2423bbf4892e6590ba056729) Importer(815301076,1909f56bfc062723c751e8b465ee728b)
Start importing Assets/Scenes/Main Screen.unity using Guid(2cda990e2423bbf4892e6590ba056729) Importer(815301076,1909f56bfc062723c751e8b465ee728b)  -> (artifact id: '9e60e741126449caac934cee4be7a737') in 0.002250 seconds 
  Import took 0.005764 seconds .

========================================================================
Received Import Request.
  Time since last request: 1.639802 seconds.
  path: Assets/Scenes/Main Screen.unity
  artifactKey: Guid(2cda990e2423bbf4892e6590ba056729) Importer(815301076,1909f56bfc062723c751e8b465ee728b)
Start importing Assets/Scenes/Main Screen.unity using Guid(2cda990e2423bbf4892e6590ba056729) Importer(815301076,1909f56bfc062723c751e8b465ee728b)  -> (artifact id: '3f2c02972c47f56d50ed7a836172e9a8') in 0.001827 seconds 
  Import took 0.005017 seconds .

========================================================================
Received Import Request.
  Time since last request: 129.259185 seconds.
  path: Assets/Scenes/Character.unity
  artifactKey: Guid(9b45ad71b07776e428bc32a02664a917) Importer(815301076,1909f56bfc062723c751e8b465ee728b)
Start importing Assets/Scenes/Character.unity using Guid(9b45ad71b07776e428bc32a02664a917) Importer(815301076,1909f56bfc062723c751e8b465ee728b)  -> (artifact id: 'de0b6f44a29481e9acbbef7f8dc1734a') in 0.001980 seconds 
  Import took 0.005266 seconds .

========================================================================
Received Import Request.
  Time since last request: 1440.806170 seconds.
  path: Assets/Scenes/Main Screen.unity
  artifactKey: Guid(2cda990e2423bbf4892e6590ba056729) Importer(815301076,1909f56bfc062723c751e8b465ee728b)
Start importing Assets/Scenes/Main Screen.unity using Guid(2cda990e2423bbf4892e6590ba056729) Importer(815301076,1909f56bfc062723c751e8b465ee728b)  -> (artifact id: '744e87b898bc775fbc979ba5b8566862') in 0.002011 seconds 
  Import took 0.005797 seconds .

========================================================================
Received Import Request.
  Time since last request: 1.296792 seconds.
  path: Assets/Scenes/Character.unity
  artifactKey: Guid(9b45ad71b07776e428bc32a02664a917) Importer(815301076,1909f56bfc062723c751e8b465ee728b)
Start importing Assets/Scenes/Character.unity using Guid(9b45ad71b07776e428bc32a02664a917) Importer(815301076,1909f56bfc062723c751e8b465ee728b)  -> (artifact id: '381437bf062859ffeda8468885bc4247') in 0.001854 seconds 
  Import took 0.004898 seconds .

========================================================================
Received Import Request.
  Time since last request: 56.442562 seconds.
  path: Assets/Scenes/Main Screen.unity
  artifactKey: Guid(2cda990e2423bbf4892e6590ba056729) Importer(815301076,1909f56bfc062723c751e8b465ee728b)
Start importing Assets/Scenes/Main Screen.unity using Guid(2cda990e2423bbf4892e6590ba056729) Importer(815301076,1909f56bfc062723c751e8b465ee728b)  -> (artifact id: '9c23e48426995cc922acebf1ac68aa80') in 0.001887 seconds 
  Import took 0.009991 seconds .

========================================================================
Received Import Request.
  Time since last request: 4874.251538 seconds.
  path: Assets/Scenes/cubo.png
  artifactKey: Guid(b92063a06583c6442b86daed7b6d2974) Importer(815301076,1909f56bfc062723c751e8b465ee728b)
Start importing Assets/Scenes/cubo.png using Guid(b92063a06583c6442b86daed7b6d2974) Importer(815301076,1909f56bfc062723c751e8b465ee728b)  -> (artifact id: '7a39b924e3a7811210fd86ac9a37e590') in 0.020479 seconds 
  Import took 0.024415 seconds .

========================================================================
Received Import Request.
  Time since last request: 42.801098 seconds.
  path: Assets/Scenes/Assets/texturas/cubo.png
  artifactKey: Guid(b92063a06583c6442b86daed7b6d2974) Importer(815301076,1909f56bfc062723c751e8b465ee728b)
Start importing Assets/Scenes/Assets/texturas/cubo.png using Guid(b92063a06583c6442b86daed7b6d2974) Importer(815301076,1909f56bfc062723c751e8b465ee728b)  -> (artifact id: '9c8d29ec1574a6b1ae79b71daeb074dc') in 0.012459 seconds 
  Import took 0.016229 seconds .

========================================================================
Received Import Request.
  Time since last request: 2215.254464 seconds.
  path: Assets/Scenes/Main Screen.unity
  artifactKey: Guid(2cda990e2423bbf4892e6590ba056729) Importer(815301076,1909f56bfc062723c751e8b465ee728b)
Start importing Assets/Scenes/Main Screen.unity using Guid(2cda990e2423bbf4892e6590ba056729) Importer(815301076,1909f56bfc062723c751e8b465ee728b)  -> (artifact id: '5ddaf47be8bb5eadcd07bcae6ad7e418') in 0.002145 seconds 
  Import took 0.005896 seconds .

========================================================================
Received Import Request.
  Time since last request: 37.921345 seconds.
  path: Assets/Scenes/Character.unity
  artifactKey: Guid(9b45ad71b07776e428bc32a02664a917) Importer(815301076,1909f56bfc062723c751e8b465ee728b)
Start importing Assets/Scenes/Character.unity using Guid(9b45ad71b07776e428bc32a02664a917) Importer(815301076,1909f56bfc062723c751e8b465ee728b)  -> (artifact id: '5f3004e5daf589ab7724948362dc89b8') in 0.001965 seconds 
  Import took 0.005479 seconds .

========================================================================
Received Prepare
Registering precompiled user dll's ...
Registered in 0.003882 seconds.
Begin MonoManager ReloadAssembly
Native extension for WindowsStandalone target not found
Refreshing native plugins compatible for Editor in 0.66 ms, found 3 plugins.
Preloading 0 native plugins for Editor in 0.00 ms.
Mono: successfully reloaded assembly
- Completed reload, in  0.807 seconds
Domain Reload Profiling:
	ReloadAssembly (807ms)
		BeginReloadAssembly (103ms)
			ExecutionOrderSort (0ms)
			DisableScriptedObjects (5ms)
			BackupInstance (0ms)
			ReleaseScriptingObjects (0ms)
			CreateAndSetChildDomain (33ms)
		EndReloadAssembly (651ms)
			LoadAssemblies (71ms)
			RebuildTransferFunctionScriptingTraits (0ms)
			SetupTypeCache (229ms)
			ReleaseScriptCaches (1ms)
			RebuildScriptCaches (34ms)
			SetupLoadedEditorAssemblies (234ms)
				LogAssemblyErrors (0ms)
				InitializePlatformSupportModulesInManaged (3ms)
				SetLoadedEditorAssemblies (0ms)
				RefreshPlugins (1ms)
				BeforeProcessingInitializeOnLoad (66ms)
				ProcessInitializeOnLoadAttributes (151ms)
				ProcessInitializeOnLoadMethodAttributes (8ms)
				AfterProcessingInitializeOnLoad (5ms)
				EditorAssembliesLoaded (0ms)
			ExecutionOrderSort2 (0ms)
			AwakeInstancesAfterBackupRestoration (6ms)
Platform modules already initialized, skipping
Switching build target platform(19) subTarget(0) extendedPlatform(0) -> platform(13) subTarget(537395200) extendedPlatform(0)
Refreshing native plugins compatible for Editor in 0.62 ms, found 3 plugins.
Preloading 0 native plugins for Editor in 0.00 ms.
Unloading 2302 Unused Serialized files (Serialized files now loaded: 0)
System memory in use before: 103.0 MB.
System memory in use after: 103.2 MB.

Unloading 17 unused Assets to reduce memory usage. Loaded Objects now: 2773.
Total: 3.188900 ms (FindLiveObjects: 0.361700 ms CreateObjectMapping: 0.088900 ms MarkObjects: 2.720400 ms  DeleteObjects: 0.016800 ms)

AssetImportParameters requested are different than current active one (requested -> active):
  custom:framework-win-MediaFoundation: 216162199b28c13a410421893ffa2e32 -> 
  custom:video-decoder-ogg-theora: a1e56fd34408186e4bbccfd4996cb3dc -> 
  custom:container-muxer-webm: aa71ff27fc2769a1b78a27578f13a17b -> 
  custom:container-demuxer-webm: 4f35f7cbe854078d1ac9338744f61a02 -> 
  custom:container-demuxer-ogg: 62fdf1f143b41e24485cea50d1cbac27 -> 
  custom:video-encoder-webm-vp8: eb34c28f22e8b96e1ab97ce403110664 -> 
  custom:video-decoder-webm-vp8: 9c59270c3fd7afecdb556c50c9e8de78 -> 
  custom:graphics/normal-map-encoding: 01000000000000000000000000000000 -> 02000000000000000000000000000000
  custom:audio-decoder-ogg-vorbis: bf7c407c2cedff20999df2af8eb42d56 -> 
  custom:audio-encoder-webm-vorbis: bf7c407c2cedff20999df2af8eb42d56 -> 
AssetImportWorkerClient::OnTransportError - code=2 error=End of file
